<?xml version="1.0" encoding="UTF-8"?>
<!-- Generated by org.testng.reporters.JUnitReportReporter -->
<testsuite skipped="0" hostname="Gerald-PC" name="ExcelTestData.ExcelTestData" tests="2" failures="0" timestamp="30 Aug 2019 06:28:42 GMT" time="0.028" errors="0">
  <testcase name="Login_0002" time="0.002" classname="ExcelTestData.ExcelTestData"/>
  <testcase name="Login_0001" time="0.026" classname="ExcelTestData.ExcelTestData"/>
</testsuite> <!-- ExcelTestData.ExcelTestData -->
