<?xml version="1.0" encoding="UTF-8"?>
<!-- Generated by org.testng.reporters.JUnitReportReporter -->
<testsuite skipped="0" hostname="Gerald-PC" name="ExcelTestData.LoginTestData" tests="2" failures="0" timestamp="30 Aug 2019 06:31:26 GMT" time="0.017" errors="0">
  <testcase name="Login_0002" time="0.003" classname="ExcelTestData.LoginTestData"/>
  <testcase name="Login_0001" time="0.014" classname="ExcelTestData.LoginTestData"/>
</testsuite> <!-- ExcelTestData.LoginTestData -->
