<?xml version="1.0" encoding="UTF-8"?>
<!-- Generated by org.testng.reporters.JUnitReportReporter -->
<testsuite hostname="Gerald-PC" failures="0" tests="1" name="OhJobsPHPageObjects.WebAndMobileTest" time="47.657" errors="0" timestamp="2020-02-12T14:16:02 SGT" skipped="0">
  <testcase classname="OhJobsPHPageObjects.WebAndMobileTest" name="Test" time="47.657"/>
</testsuite> <!-- OhJobsPHPageObjects.WebAndMobileTest -->
