<?xml version="1.0" encoding="UTF-8"?>
<!-- Generated by org.testng.reporters.JUnitReportReporter -->
<testsuite skipped="1" hostname="Gerald-PC" name="WOG.AppiumFramework.ExcelTestData" tests="1" failures="0" timestamp="29 Aug 2019 07:34:36 GMT" time="0.000" errors="0">
  <testcase name="test1" time="0.000" classname="WOG.AppiumFramework.ExcelTestData">
    <skipped/>
  </testcase> <!-- test1 -->
</testsuite> <!-- WOG.AppiumFramework.ExcelTestData -->
