<?xml version="1.0" encoding="UTF-8"?>
<!-- Generated by org.testng.reporters.JUnitReportReporter -->
<testsuite skipped="0" hostname="Gerald-PC" name="WOG.AppiumFramework.EcommerceTest" tests="1" failures="0" timestamp="19 Aug 2019 09:06:35 GMT" time="77.083" errors="0">
  <testcase name="TotalPriceValidation" time="77.083" classname="WOG.AppiumFramework.EcommerceTest"/>
</testsuite> <!-- WOG.AppiumFramework.EcommerceTest -->
