<?xml version="1.0" encoding="UTF-8"?>
<!-- Generated by org.testng.reporters.JUnitReportReporter -->
<testsuite hostname="Gerald-PC" failures="0" tests="1" name="OhJobsPHMobilePageObjects.WebAndMobileTest" time="26.357" errors="0" timestamp="2020-02-12T18:13:30 SGT" skipped="0">
  <testcase classname="OhJobsPHMobilePageObjects.WebAndMobileTest" name="check" time="26.357"/>
</testsuite> <!-- OhJobsPHMobilePageObjects.WebAndMobileTest -->
