<?xml version="1.0" encoding="UTF-8"?>
<!-- Generated by org.testng.reporters.JUnitReportReporter -->
<testsuite hostname="Gerald-PC" failures="0" tests="11" name="OhJobsPHTest.OhJobsPhTest" time="137.636" errors="0" timestamp="2020-03-11T15:06:53 SGT" skipped="0">
  <testcase classname="OhJobsPHTest.OhJobsPhTest" name="employerSignUp" time="31.053"/>
  <testcase classname="OhJobsPHTest.OhJobsPhTest" name="employerLoginWeb" time="0.600"/>
  <testcase classname="OhJobsPHTest.OhJobsPhTest" name="employerEditProfile" time="22.756"/>
  <testcase classname="OhJobsPHTest.OhJobsPhTest" name="employerAddJob" time="11.933"/>
  <testcase classname="OhJobsPHTest.OhJobsPhTest" name="webmasterApproveSupportingDocuments" time="7.801"/>
  <testcase classname="OhJobsPHTest.OhJobsPhTest" name="webmasterApproveJobPost" time="6.776"/>
  <testcase classname="OhJobsPHTest.OhJobsPhTest" name="jobseekerSignUpWeb" time="27.503"/>
  <testcase classname="OhJobsPHTest.OhJobsPhTest" name="jobseekerLoginWeb" time="8.108"/>
  <testcase classname="OhJobsPHTest.OhJobsPhTest" name="jobseekerApplyJobOnWeb" time="4.657"/>
  <testcase classname="OhJobsPHTest.OhJobsPhTest" name="employerApproveJobseekerApplicationAndSendMessageToJobseeker" time="8.376"/>
  <testcase classname="OhJobsPHTest.OhJobsPhTest" name="jobseekerCheckApprovedJobNotification" time="8.073"/>
</testsuite> <!-- OhJobsPHTest.OhJobsPhTest -->
