<?xml version="1.0" encoding="UTF-8"?>
<!-- Generated by org.testng.reporters.JUnitReportReporter -->
<testsuite skipped="0" hostname="Gerald-PC" name="WOG.AppiumFramework.ecommerce_tc_4" tests="1" failures="0" timestamp="16 Aug 2019 06:15:57 GMT" time="47.813" errors="0">
  <testcase name="TotalValidation" time="47.813" classname="WOG.AppiumFramework.ecommerce_tc_4"/>
</testsuite> <!-- WOG.AppiumFramework.ecommerce_tc_4 -->
