<?xml version="1.0" encoding="UTF-8"?>
<!-- Generated by org.testng.reporters.JUnitReportReporter -->
<testsuite skipped="0" hostname="Gerald-PC" name="WOG.AppiumFramework.ProfileTest" tests="1" failures="0" timestamp="11 Oct 2019 07:55:12 GMT" time="62.403" errors="0">
  <testcase name="Profile_0041" time="62.403" classname="WOG.AppiumFramework.ProfileTest"/>
</testsuite> <!-- WOG.AppiumFramework.ProfileTest -->
