<?xml version="1.0" encoding="UTF-8"?>
<!-- Generated by org.testng.reporters.JUnitReportReporter -->
<testsuite skipped="0" hostname="DESKTOP-25J45V9" name="OhJobsPHTest.OhJobsPhTest" tests="2" failures="0" timestamp="22 Feb 2020 16:39:55 GMT" time="14.870" errors="0">
  <testcase name="jobseekerLoginWeb" time="7.049" classname="OhJobsPHTest.OhJobsPhTest"/>
  <testcase name="jobseekerLoginWeb" time="7.821" classname="OhJobsPHTest.OhJobsPhTest"/>
</testsuite> <!-- OhJobsPHTest.OhJobsPhTest -->
