<?xml version="1.0" encoding="UTF-8"?>
<!-- Generated by org.testng.reporters.JUnitReportReporter -->
<testsuite hostname="Gerald-PC" failures="0" tests="1" name="WOG.AppiumFramework.SampleTest" time="34.126" errors="0" timestamp="2020-02-10T14:15:46 SGT" skipped="0">
  <testcase classname="WOG.AppiumFramework.SampleTest" name="Test2" time="34.126"/>
</testsuite> <!-- WOG.AppiumFramework.SampleTest -->
