<?xml version="1.0" encoding="UTF-8"?>
<!-- Generated by org.testng.reporters.JUnitReportReporter -->
<testsuite hostname="Gerald-PC" failures="0" tests="11" name="OhJobsPHTest.OhJobsPhTest" time="149.691" errors="0" timestamp="2020-03-11T17:09:43 SGT" skipped="0">
  <testcase classname="OhJobsPHTest.OhJobsPhTest" name="employerSignUp" time="36.445"/>
  <testcase classname="OhJobsPHTest.OhJobsPhTest" name="employerLoginWeb" time="0.510"/>
  <testcase classname="OhJobsPHTest.OhJobsPhTest" name="employerEditProfile" time="32.758"/>
  <testcase classname="OhJobsPHTest.OhJobsPhTest" name="employerAddJob" time="11.641"/>
  <testcase classname="OhJobsPHTest.OhJobsPhTest" name="webmasterApproveSupportingDocuments" time="7.932"/>
  <testcase classname="OhJobsPHTest.OhJobsPhTest" name="webmasterApproveJobPost" time="7.782"/>
  <testcase classname="OhJobsPHTest.OhJobsPhTest" name="jobseekerSignUpWeb" time="24.028"/>
  <testcase classname="OhJobsPHTest.OhJobsPhTest" name="jobseekerLoginWeb" time="7.904"/>
  <testcase classname="OhJobsPHTest.OhJobsPhTest" name="jobseekerApplyJobOnWeb" time="2.932"/>
  <testcase classname="OhJobsPHTest.OhJobsPhTest" name="employerApproveJobseekerApplicationAndSendMessageToJobseeker" time="9.444"/>
  <testcase classname="OhJobsPHTest.OhJobsPhTest" name="jobseekerCheckApprovedJobNotification" time="8.315"/>
</testsuite> <!-- OhJobsPHTest.OhJobsPhTest -->
