<?xml version="1.0" encoding="UTF-8"?>
<!-- Generated by org.testng.reporters.JUnitReportReporter -->
<testsuite hostname="Gerald-PC" failures="0" tests="10" name="OhJobsPHTest.OhJobsPhTest" time="148.507" errors="0" timestamp="2020-03-06T18:51:27 SGT" skipped="0">
  <testcase classname="OhJobsPHTest.OhJobsPhTest" name="employerSignUp" time="40.872"/>
  <testcase classname="OhJobsPHTest.OhJobsPhTest" name="employerLoginWeb" time="0.500"/>
  <testcase classname="OhJobsPHTest.OhJobsPhTest" name="employerEditProfile" time="32.062"/>
  <testcase classname="OhJobsPHTest.OhJobsPhTest" name="employerAddJob" time="11.495"/>
  <testcase classname="OhJobsPHTest.OhJobsPhTest" name="webmasterApproveJobPost" time="8.020"/>
  <testcase classname="OhJobsPHTest.OhJobsPhTest" name="jobseekerSignUpWeb" time="28.802"/>
  <testcase classname="OhJobsPHTest.OhJobsPhTest" name="jobseekerLoginWeb" time="8.144"/>
  <testcase classname="OhJobsPHTest.OhJobsPhTest" name="jobseekerApplyJobOnWeb" time="3.514"/>
  <testcase classname="OhJobsPHTest.OhJobsPhTest" name="employerApproveJobseekerApplicationAndSendMessageToJobseeker" time="7.832"/>
  <testcase classname="OhJobsPHTest.OhJobsPhTest" name="jobseekerCheckApprovedJobNotification" time="7.266"/>
</testsuite> <!-- OhJobsPHTest.OhJobsPhTest -->
