<?xml version="1.0" encoding="UTF-8"?>
<!-- Generated by org.testng.reporters.JUnitReportReporter -->
<testsuite skipped="0" hostname="DESKTOP-25J45V9" name="OhJobsPHTest.OhJobsPhTest" tests="1" failures="0" timestamp="22 Feb 2020 05:59:36 GMT" time="12.484" errors="0">
  <testcase name="jobseekerAddOtherInformation" time="12.484" classname="OhJobsPHTest.OhJobsPhTest"/>
</testsuite> <!-- OhJobsPHTest.OhJobsPhTest -->
