<?xml version="1.0" encoding="UTF-8"?>
<!-- Generated by org.testng.reporters.JUnitReportReporter -->
<testsuite skipped="0" hostname="Gerald-PC" name="WOG.AppiumFramework.LoginTest" tests="6" failures="0" timestamp="30 Aug 2019 09:46:22 GMT" time="169.333" errors="0">
  <testcase name="Login_0006" time="30.336" classname="WOG.AppiumFramework.LoginTest"/>
  <testcase name="Login_0004" time="26.342" classname="WOG.AppiumFramework.LoginTest"/>
  <testcase name="Login_0001" time="28.348" classname="WOG.AppiumFramework.LoginTest"/>
  <testcase name="Login_0005" time="26.240" classname="WOG.AppiumFramework.LoginTest"/>
  <testcase name="Login_0002" time="26.477" classname="WOG.AppiumFramework.LoginTest"/>
  <testcase name="Login_0003" time="31.590" classname="WOG.AppiumFramework.LoginTest"/>
</testsuite> <!-- WOG.AppiumFramework.LoginTest -->
